<?xml version="1.0" encoding="UTF-8"?>
<testsuite xmlns:xsi="http://www.w3.org/2001/XMLSchema-instance" xsi:noNamespaceSchemaLocation="https://maven.apache.org/surefire/maven-surefire-plugin/xsd/surefire-test-report-3.0.xsd" version="3.0" name="com.example.JsonToStringTest" time="0.078" tests="1" errors="0" skipped="0" failures="0">
  <properties>
    <property name="sun.desktop" value="windows"/>
    <property name="awt.toolkit" value="sun.awt.windows.WToolkit"/>
    <property name="java.specification.version" value="11"/>
    <property name="sun.cpu.isalist" value="amd64"/>
    <property name="sun.jnu.encoding" value="Cp1250"/>
    <property name="java.class.path" value="C:\Users\LukaszR\IdeaProjects\Webthings-M70a\target\test-classes;C:\Users\LukaszR\IdeaProjects\Webthings-M70a\target\classes;C:\Users\LukaszR\.m2\repository\org\mozilla\iot\webthing\0.12.1\webthing-0.12.1.jar;C:\Users\LukaszR\.m2\repository\org\json\json\20190722\json-20190722.jar;C:\Users\LukaszR\.m2\repository\org\nanohttpd\nanohttpd\2.3.1\nanohttpd-2.3.1.jar;C:\Users\LukaszR\.m2\repository\org\nanohttpd\nanohttpd-nanolets\2.3.1\nanohttpd-nanolets-2.3.1.jar;C:\Users\LukaszR\.m2\repository\org\nanohttpd\nanohttpd-websocket\2.3.1\nanohttpd-websocket-2.3.1.jar;C:\Users\LukaszR\.m2\repository\org\jmdns\jmdns\3.5.5\jmdns-3.5.5.jar;C:\Users\LukaszR\.m2\repository\org\slf4j\slf4j-api\1.7.25\slf4j-api-1.7.25.jar;C:\Users\LukaszR\.m2\repository\com\github\everit-org\json-schema\org.everit.json.schema\1.12.1\org.everit.json.schema-1.12.1.jar;C:\Users\LukaszR\.m2\repository\commons-validator\commons-validator\1.6\commons-validator-1.6.jar;C:\Users\LukaszR\.m2\repository\commons-digester\commons-digester\1.8.1\commons-digester-1.8.1.jar;C:\Users\LukaszR\.m2\repository\commons-logging\commons-logging\1.2\commons-logging-1.2.jar;C:\Users\LukaszR\.m2\repository\commons-collections\commons-collections\3.2.2\commons-collections-3.2.2.jar;C:\Users\LukaszR\.m2\repository\com\damnhandy\handy-uri-templates\2.1.8\handy-uri-templates-2.1.8.jar;C:\Users\LukaszR\.m2\repository\joda-time\joda-time\2.10.2\joda-time-2.10.2.jar;C:\Users\LukaszR\.m2\repository\com\google\re2j\re2j\1.3\re2j-1.3.jar;C:\Users\LukaszR\.m2\repository\com\pi4j\pi4j-core\1.2\pi4j-core-1.2.jar;C:\Users\LukaszR\.m2\repository\com\googlecode\json-simple\json-simple\1.1.1\json-simple-1.1.1.jar;C:\Users\LukaszR\.m2\repository\junit\junit\4.10\junit-4.10.jar;C:\Users\LukaszR\.m2\repository\org\hamcrest\hamcrest-core\1.1\hamcrest-core-1.1.jar;C:\Users\LukaszR\.m2\repository\org\junit\jupiter\junit-jupiter\5.7.0\junit-jupiter-5.7.0.jar;C:\Users\LukaszR\.m2\repository\org\junit\jupiter\junit-jupiter-api\5.7.0\junit-jupiter-api-5.7.0.jar;C:\Users\LukaszR\.m2\repository\org\apiguardian\apiguardian-api\1.1.0\apiguardian-api-1.1.0.jar;C:\Users\LukaszR\.m2\repository\org\opentest4j\opentest4j\1.2.0\opentest4j-1.2.0.jar;C:\Users\LukaszR\.m2\repository\org\junit\platform\junit-platform-commons\1.7.0\junit-platform-commons-1.7.0.jar;C:\Users\LukaszR\.m2\repository\org\junit\jupiter\junit-jupiter-params\5.7.0\junit-jupiter-params-5.7.0.jar;C:\Users\LukaszR\.m2\repository\org\junit\jupiter\junit-jupiter-engine\5.7.0\junit-jupiter-engine-5.7.0.jar;C:\Users\LukaszR\.m2\repository\org\junit\platform\junit-platform-engine\1.7.0\junit-platform-engine-1.7.0.jar;"/>
    <property name="java.vm.vendor" value="JetBrains s.r.o"/>
    <property name="sun.arch.data.model" value="64"/>
    <property name="user.variant" value=""/>
    <property name="java.vendor.url" value="https://www.jetbrains.com/"/>
    <property name="user.timezone" value="Europe/Belgrade"/>
    <property name="java.vm.specification.version" value="11"/>
    <property name="os.name" value="Windows 10"/>
    <property name="sun.java.launcher" value="SUN_STANDARD"/>
    <property name="user.country" value="PL"/>
    <property name="sun.boot.library.path" value="C:\Users\LukaszR\.IdeaIC2019.3\config\jdks\jbsdk11b123_windows_x64\bin"/>
    <property name="sun.java.command" value="C:\Users\LukaszR\AppData\Local\Temp\surefire8832689811591253009\surefirebooter11506629272054593451.jar C:\Users\LukaszR\AppData\Local\Temp\surefire8832689811591253009 2020-12-27T11-08-37_605-jvmRun1 surefire2361267561398878886tmp surefire_016977228833815126366tmp"/>
    <property name="jdk.debug" value="release"/>
    <property name="surefire.test.class.path" value="C:\Users\LukaszR\IdeaProjects\Webthings-M70a\target\test-classes;C:\Users\LukaszR\IdeaProjects\Webthings-M70a\target\classes;C:\Users\LukaszR\.m2\repository\org\mozilla\iot\webthing\0.12.1\webthing-0.12.1.jar;C:\Users\LukaszR\.m2\repository\org\json\json\20190722\json-20190722.jar;C:\Users\LukaszR\.m2\repository\org\nanohttpd\nanohttpd\2.3.1\nanohttpd-2.3.1.jar;C:\Users\LukaszR\.m2\repository\org\nanohttpd\nanohttpd-nanolets\2.3.1\nanohttpd-nanolets-2.3.1.jar;C:\Users\LukaszR\.m2\repository\org\nanohttpd\nanohttpd-websocket\2.3.1\nanohttpd-websocket-2.3.1.jar;C:\Users\LukaszR\.m2\repository\org\jmdns\jmdns\3.5.5\jmdns-3.5.5.jar;C:\Users\LukaszR\.m2\repository\org\slf4j\slf4j-api\1.7.25\slf4j-api-1.7.25.jar;C:\Users\LukaszR\.m2\repository\com\github\everit-org\json-schema\org.everit.json.schema\1.12.1\org.everit.json.schema-1.12.1.jar;C:\Users\LukaszR\.m2\repository\commons-validator\commons-validator\1.6\commons-validator-1.6.jar;C:\Users\LukaszR\.m2\repository\commons-digester\commons-digester\1.8.1\commons-digester-1.8.1.jar;C:\Users\LukaszR\.m2\repository\commons-logging\commons-logging\1.2\commons-logging-1.2.jar;C:\Users\LukaszR\.m2\repository\commons-collections\commons-collections\3.2.2\commons-collections-3.2.2.jar;C:\Users\LukaszR\.m2\repository\com\damnhandy\handy-uri-templates\2.1.8\handy-uri-templates-2.1.8.jar;C:\Users\LukaszR\.m2\repository\joda-time\joda-time\2.10.2\joda-time-2.10.2.jar;C:\Users\LukaszR\.m2\repository\com\google\re2j\re2j\1.3\re2j-1.3.jar;C:\Users\LukaszR\.m2\repository\com\pi4j\pi4j-core\1.2\pi4j-core-1.2.jar;C:\Users\LukaszR\.m2\repository\com\googlecode\json-simple\json-simple\1.1.1\json-simple-1.1.1.jar;C:\Users\LukaszR\.m2\repository\junit\junit\4.10\junit-4.10.jar;C:\Users\LukaszR\.m2\repository\org\hamcrest\hamcrest-core\1.1\hamcrest-core-1.1.jar;C:\Users\LukaszR\.m2\repository\org\junit\jupiter\junit-jupiter\5.7.0\junit-jupiter-5.7.0.jar;C:\Users\LukaszR\.m2\repository\org\junit\jupiter\junit-jupiter-api\5.7.0\junit-jupiter-api-5.7.0.jar;C:\Users\LukaszR\.m2\repository\org\apiguardian\apiguardian-api\1.1.0\apiguardian-api-1.1.0.jar;C:\Users\LukaszR\.m2\repository\org\opentest4j\opentest4j\1.2.0\opentest4j-1.2.0.jar;C:\Users\LukaszR\.m2\repository\org\junit\platform\junit-platform-commons\1.7.0\junit-platform-commons-1.7.0.jar;C:\Users\LukaszR\.m2\repository\org\junit\jupiter\junit-jupiter-params\5.7.0\junit-jupiter-params-5.7.0.jar;C:\Users\LukaszR\.m2\repository\org\junit\jupiter\junit-jupiter-engine\5.7.0\junit-jupiter-engine-5.7.0.jar;C:\Users\LukaszR\.m2\repository\org\junit\platform\junit-platform-engine\1.7.0\junit-platform-engine-1.7.0.jar;"/>
    <property name="sun.cpu.endian" value="little"/>
    <property name="user.home" value="C:\Users\LukaszR"/>
    <property name="user.language" value="pl"/>
    <property name="java.specification.vendor" value="Oracle Corporation"/>
    <property name="java.version.date" value="2018-09-25"/>
    <property name="java.home" value="C:\Users\LukaszR\.IdeaIC2019.3\config\jdks\jbsdk11b123_windows_x64"/>
    <property name="file.separator" value="\"/>
    <property name="basedir" value="C:\Users\LukaszR\IdeaProjects\Webthings-M70a"/>
    <property name="java.vm.compressedOopsMode" value="Zero based"/>
    <property name="line.separator" value="&#10;"/>
    <property name="java.specification.name" value="Java Platform API Specification"/>
    <property name="java.vm.specification.vendor" value="Oracle Corporation"/>
    <property name="java.awt.graphicsenv" value="sun.awt.Win32GraphicsEnvironment"/>
    <property name="surefire.real.class.path" value="C:\Users\LukaszR\AppData\Local\Temp\surefire8832689811591253009\surefirebooter11506629272054593451.jar"/>
    <property name="user.script" value=""/>
    <property name="sun.management.compiler" value="HotSpot 64-Bit Tiered Compilers"/>
    <property name="java.runtime.version" value="11-ea+123"/>
    <property name="user.name" value="LukaszR"/>
    <property name="path.separator" value=";"/>
    <property name="os.version" value="10.0"/>
    <property name="java.runtime.name" value="OpenJDK Runtime Environment"/>
    <property name="file.encoding" value="Cp1250"/>
    <property name="java.vm.name" value="OpenJDK 64-Bit Server VM"/>
    <property name="localRepository" value="C:\Users\LukaszR\.m2\repository"/>
    <property name="java.vendor.url.bug" value="https://youtrack.jetbrains.com"/>
    <property name="java.io.tmpdir" value="C:\Users\LukaszR\AppData\Local\Temp\"/>
    <property name="java.version" value="11-ea"/>
    <property name="user.dir" value="C:\Users\LukaszR\IdeaProjects\Webthings-M70a"/>
    <property name="os.arch" value="amd64"/>
    <property name="java.vm.specification.name" value="Java Virtual Machine Specification"/>
    <property name="java.awt.printerjob" value="sun.awt.windows.WPrinterJob"/>
    <property name="sun.os.patch.level" value=""/>
    <property name="idea.version2019.3.5" value="true"/>
    <property name="java.library.path" value="C:\Users\LukaszR\.IdeaIC2019.3\config\jdks\jbsdk11b123_windows_x64\bin;C:\WINDOWS\Sun\Java\bin;C:\WINDOWS\system32;C:\WINDOWS;C:\Python39\Scripts\;C:\Python39\;C:\Program Files (x86)\Intel\iCLS Client\;C:\Program Files\Intel\iCLS Client\;C:\Python37-32\Scripts\;C:\Python37-32\;C:\WINDOWS\system32;C:\WINDOWS;C:\WINDOWS\System32\Wbem;C:\WINDOWS\System32\WindowsPowerShell\v1.0\;C:\WINDOWS\System32\OpenSSH\;C:\Program Files (x86)\STMicroelectronics\STM32 ST-LINK Utility\ST-LINK Utility;C:\Program Files (x86)\Intel\Intel(R) Management Engine Components\DAL;C:\Program Files\Intel\Intel(R) Management Engine Components\DAL;C:\Program Files (x86)\Intel\Intel(R) Management Engine Components\IPT;C:\Program Files\Intel\Intel(R) Management Engine Components\IPT;C:\jdk-11.0.2\bin;C:\Users\LukaszR\apache-maven-3.6.3\bin;C:\Users\LukaszR\AppData\Local\Android\Sdk\platform-tools;C:\Program Files\nodejs\;C:\ProgramData\chocolatey\bin;;C:\Program Files\Docker\Docker\resources\bin;C:\ProgramData\DockerDesktop\version-bin;C:\Program Files\PuTTY\;C:\Users\LukaszR\AppData\Local\Microsoft\WindowsApps;C:\Users\LukaszR\AppData\Local\Programs\Microsoft VS Code\bin;C:\Users\LukaszR\AppData\Local\Programs\Git\cmd;C:\Users\LukaszR\AppData\Roaming\npm;."/>
    <property name="java.vendor" value="JetBrains s.r.o"/>
    <property name="java.vm.info" value="mixed mode"/>
    <property name="java.vm.version" value="11-ea+123"/>
    <property name="sun.io.unicode.encoding" value="UnicodeLittle"/>
    <property name="java.class.version" value="55.0"/>
  </properties>
  <testcase name="shouldReturnOneValueObject" classname="com.example.JsonToStringTest" time="0.047"/>
</testsuite>